pushexample/build/outputs/logs/manifest-merger-debug-report.txt
-- Merging decision tree log ---
manifest
ADDED from AndroidManifest.xml:2:1
	xmlns:android
		ADDED from AndroidManifest.xml:2:11
	package
		ADDED from AndroidManifest.xml:3:5
		INJECTED from AndroidManifest.xml:0:0
		INJECTED from AndroidManifest.xml:0:0
	android:versionName
		ADDED from AndroidManifest.xml:5:5
	android:versionCode
		ADDED from AndroidManifest.xml:4:5
		INJECTED from AndroidManifest.xml:0:0
		INJECTED from AndroidManifest.xml:0:0
uses-sdk
ADDED from AndroidManifest.xml:7:5
	android:targetSdkVersion
		ADDED from AndroidManifest.xml:7:42
		INJECTED from AndroidManifest.xml:0:0
		INJECTED from AndroidManifest.xml:0:0
	android:minSdkVersion
		ADDED from AndroidManifest.xml:7:15
		INJECTED from AndroidManifest.xml:0:0
		INJECTED from AndroidManifest.xml:0:0
permission#com.lzb.oa.permission.JPUSH_MESSAGE
ADDED from AndroidManifest.xml:9:5
	android:protectionLevel
		ADDED from AndroidManifest.xml:11:9
	android:name
		ADDED from AndroidManifest.xml:10:9
uses-permission#com.lzb.oa.permission.JPUSH_MESSAGE
ADDED from AndroidManifest.xml:14:5
	android:name
		ADDED from AndroidManifest.xml:14:22
uses-permission#android.permission.RECEIVE_USER_PRESENT
ADDED from AndroidManifest.xml:15:5
	android:name
		ADDED from AndroidManifest.xml:15:22
uses-permission#android.permission.INTERNET
ADDED from AndroidManifest.xml:16:5
	android:name
		ADDED from AndroidManifest.xml:16:22
uses-permission#android.permission.WAKE_LOCK
ADDED from AndroidManifest.xml:17:5
	android:name
		ADDED from AndroidManifest.xml:17:22
uses-permission#android.permission.READ_PHONE_STATE
ADDED from AndroidManifest.xml:18:5
	android:name
		ADDED from AndroidManifest.xml:18:22
uses-permission#android.permission.WRITE_EXTERNAL_STORAGE
ADDED from AndroidManifest.xml:19:5
	android:name
		ADDED from AndroidManifest.xml:19:22
uses-permission#android.permission.READ_EXTERNAL_STORAGE
ADDED from AndroidManifest.xml:20:5
	android:name
		ADDED from AndroidManifest.xml:20:22
uses-permission#android.permission.WRITE_SETTINGS
ADDED from AndroidManifest.xml:21:5
	android:name
		ADDED from AndroidManifest.xml:21:22
uses-permission#android.permission.VIBRATE
ADDED from AndroidManifest.xml:22:5
	android:name
		ADDED from AndroidManifest.xml:22:22
uses-permission#android.permission.MOUNT_UNMOUNT_FILESYSTEMS
ADDED from AndroidManifest.xml:23:5
	android:name
		ADDED from AndroidManifest.xml:23:22
uses-permission#android.permission.ACCESS_NETWORK_STATE
ADDED from AndroidManifest.xml:24:5
	android:name
		ADDED from AndroidManifest.xml:24:22
uses-permission#android.permission.SYSTEM_ALERT_WINDOW
ADDED from AndroidManifest.xml:25:5
	android:name
		ADDED from AndroidManifest.xml:25:22
uses-permission#android.permission.ACCESS_COARSE_LOCATION
ADDED from AndroidManifest.xml:30:5
	android:name
		ADDED from AndroidManifest.xml:30:22
uses-permission#android.permission.ACCESS_WIFI_STATE
ADDED from AndroidManifest.xml:31:5
	android:name
		ADDED from AndroidManifest.xml:31:22
uses-permission#android.permission.CHANGE_WIFI_STATE
ADDED from AndroidManifest.xml:32:5
	android:name
		ADDED from AndroidManifest.xml:32:22
uses-permission#android.permission.ACCESS_FINE_LOCATION
ADDED from AndroidManifest.xml:33:5
	android:name
		ADDED from AndroidManifest.xml:33:22
uses-permission#android.permission.ACCESS_LOCATION_EXTRA_COMMANDS
ADDED from AndroidManifest.xml:34:5
	android:name
		ADDED from AndroidManifest.xml:34:22
uses-permission#android.permission.CHANGE_NETWORK_STATE
ADDED from AndroidManifest.xml:35:5
	android:name
		ADDED from AndroidManifest.xml:35:22
application
ADDED from AndroidManifest.xml:37:5
	android:label
		ADDED from AndroidManifest.xml:40:9
	android:allowBackup
		ADDED from AndroidManifest.xml:38:9
	android:icon
		ADDED from AndroidManifest.xml:39:9
	android:name
		ADDED from AndroidManifest.xml:41:9
activity#com.example.jpushdemo.MainActivity
ADDED from AndroidManifest.xml:45:9
	android:label
		ADDED from AndroidManifest.xml:47:13
	android:name
		ADDED from AndroidManifest.xml:46:13
intent-filter#android.intent.action.MAIN+android.intent.category.LAUNCHER
ADDED from AndroidManifest.xml:48:13
action#android.intent.action.MAIN
ADDED from AndroidManifest.xml:49:17
	android:name
		ADDED from AndroidManifest.xml:49:25
category#android.intent.category.LAUNCHER
ADDED from AndroidManifest.xml:50:17
	android:name
		ADDED from AndroidManifest.xml:50:27
activity#com.example.jpushdemo.PushSetActivity
ADDED from AndroidManifest.xml:54:8
	android:label
		ADDED from AndroidManifest.xml:54:71
	android:name
		ADDED from AndroidManifest.xml:54:18
activity#com.example.jpushdemo.SettingActivity
ADDED from AndroidManifest.xml:56:8
	android:label
		ADDED from AndroidManifest.xml:56:71
	android:name
		ADDED from AndroidManifest.xml:56:18
activity#com.example.jpushdemo.TestActivity
ADDED from AndroidManifest.xml:58:9
	android:name
		ADDED from AndroidManifest.xml:58:19
intent-filter#jpush.testAction+jpush.testCategory
ADDED from AndroidManifest.xml:59:13
action#jpush.testAction
ADDED from AndroidManifest.xml:60:17
	android:name
		ADDED from AndroidManifest.xml:60:25
category#jpush.testCategory
ADDED from AndroidManifest.xml:61:17
	android:name
		ADDED from AndroidManifest.xml:61:27
activity#cn.jpush.android.ui.PushActivity
ADDED from AndroidManifest.xml:67:9
	android:configChanges
		ADDED from AndroidManifest.xml:69:13
	android:exported
		ADDED from AndroidManifest.xml:70:13
	android:name
		ADDED from AndroidManifest.xml:68:13
intent-filter#android.intent.category.DEFAULT+cn.jpush.android.ui.PushActivity+com.lzb.oa
ADDED from AndroidManifest.xml:71:13
action#cn.jpush.android.ui.PushActivity
ADDED from AndroidManifest.xml:72:17
	android:name
		ADDED from AndroidManifest.xml:72:25
category#android.intent.category.DEFAULT
ADDED from AndroidManifest.xml:73:17
	android:name
		ADDED from AndroidManifest.xml:73:27
category#com.lzb.oa
ADDED from AndroidManifest.xml:74:17
	android:name
		ADDED from AndroidManifest.xml:74:27
service#cn.jpush.android.service.DownloadService
ADDED from AndroidManifest.xml:78:9
	android:exported
		ADDED from AndroidManifest.xml:81:13
	android:enabled
		ADDED from AndroidManifest.xml:80:13
	android:name
		ADDED from AndroidManifest.xml:79:13
service#cn.jpush.android.service.PushService
ADDED from AndroidManifest.xml:86:9
	android:exported
		ADDED from AndroidManifest.xml:89:13
	android:enabled
		ADDED from AndroidManifest.xml:88:13
	android:name
		ADDED from AndroidManifest.xml:87:13
intent-filter#cn.jpush.android.intent.PUSH_TIME+cn.jpush.android.intent.PushService+cn.jpush.android.intent.REGISTER+cn.jpush.android.intent.REPORT
ADDED from AndroidManifest.xml:90:13
action#cn.jpush.android.intent.REGISTER
ADDED from AndroidManifest.xml:91:17
	android:name
		ADDED from AndroidManifest.xml:91:25
action#cn.jpush.android.intent.REPORT
ADDED from AndroidManifest.xml:92:17
	android:name
		ADDED from AndroidManifest.xml:92:25
action#cn.jpush.android.intent.PushService
ADDED from AndroidManifest.xml:93:17
	android:name
		ADDED from AndroidManifest.xml:93:25
action#cn.jpush.android.intent.PUSH_TIME
ADDED from AndroidManifest.xml:94:17
	android:name
		ADDED from AndroidManifest.xml:94:25
service#cn.jpush.android.service.DaemonService
ADDED from AndroidManifest.xml:101:9
	android:exported
		ADDED from AndroidManifest.xml:104:13
	android:enabled
		ADDED from AndroidManifest.xml:103:13
	android:name
		ADDED from AndroidManifest.xml:102:13
intent-filter#cn.jpush.android.intent.DaemonService+com.lzb.oa
ADDED from AndroidManifest.xml:105:13
action#cn.jpush.android.intent.DaemonService
ADDED from AndroidManifest.xml:106:17
	android:name
		ADDED from AndroidManifest.xml:106:25
receiver#cn.jpush.android.service.PushReceiver
ADDED from AndroidManifest.xml:113:9
	android:exported
		ADDED from AndroidManifest.xml:116:13
	android:enabled
		ADDED from AndroidManifest.xml:115:13
	android:name
		ADDED from AndroidManifest.xml:114:13
intent-filter#cn.jpush.android.intent.NOTIFICATION_RECEIVED_PROXY+com.lzb.oa
ADDED from AndroidManifest.xml:117:14
	android:priority
		ADDED from AndroidManifest.xml:117:29
action#cn.jpush.android.intent.NOTIFICATION_RECEIVED_PROXY
ADDED from AndroidManifest.xml:118:17
	android:name
		ADDED from AndroidManifest.xml:118:25
intent-filter#android.intent.action.USER_PRESENT+android.net.conn.CONNECTIVITY_CHANGE
ADDED from AndroidManifest.xml:121:13
action#android.intent.action.USER_PRESENT
ADDED from AndroidManifest.xml:122:17
	android:name
		ADDED from AndroidManifest.xml:122:25
action#android.net.conn.CONNECTIVITY_CHANGE
ADDED from AndroidManifest.xml:123:17
	android:name
		ADDED from AndroidManifest.xml:123:25
intent-filter#android.intent.action.PACKAGE_ADDED+android.intent.action.PACKAGE_REMOVED
ADDED from AndroidManifest.xml:126:13
action#android.intent.action.PACKAGE_ADDED
ADDED from AndroidManifest.xml:127:17
	android:name
		ADDED from AndroidManifest.xml:127:25
action#android.intent.action.PACKAGE_REMOVED
ADDED from AndroidManifest.xml:128:17
	android:name
		ADDED from AndroidManifest.xml:128:25
data
ADDED from AndroidManifest.xml:129:17
	android:scheme
		ADDED from AndroidManifest.xml:129:23
receiver#cn.jpush.android.service.AlarmReceiver
ADDED from AndroidManifest.xml:135:9
	android:name
		ADDED from AndroidManifest.xml:135:19
receiver#com.example.jpushdemo.MyReceiver
ADDED from AndroidManifest.xml:138:9
	android:exported
		ADDED from AndroidManifest.xml:141:13
	android:enabled
		ADDED from AndroidManifest.xml:140:13
	android:name
		ADDED from AndroidManifest.xml:139:13
intent-filter#cn.jpush.android.intent.ACTION_RICHPUSH_CALLBACK+cn.jpush.android.intent.CONNECTION+cn.jpush.android.intent.MESSAGE_RECEIVED+cn.jpush.android.intent.NOTIFICATION_OPENED+cn.jpush.android.intent.NOTIFICATION_RECEIVED+cn.jpush.android.intent.REGISTRATION+cn.jpush.android.intent.UNREGISTRATION+com.lzb.oa
ADDED from AndroidManifest.xml:142:13
action#cn.jpush.android.intent.REGISTRATION
ADDED from AndroidManifest.xml:143:17
	android:name
		ADDED from AndroidManifest.xml:143:25
action#cn.jpush.android.intent.UNREGISTRATION
ADDED from AndroidManifest.xml:144:17
	android:name
		ADDED from AndroidManifest.xml:144:25
action#cn.jpush.android.intent.MESSAGE_RECEIVED
ADDED from AndroidManifest.xml:145:17
	android:name
		ADDED from AndroidManifest.xml:145:25
action#cn.jpush.android.intent.NOTIFICATION_RECEIVED
ADDED from AndroidManifest.xml:146:17
	android:name
		ADDED from AndroidManifest.xml:146:25
action#cn.jpush.android.intent.NOTIFICATION_OPENED
ADDED from AndroidManifest.xml:147:17
	android:name
		ADDED from AndroidManifest.xml:147:25
action#cn.jpush.android.intent.ACTION_RICHPUSH_CALLBACK
ADDED from AndroidManifest.xml:148:17
	android:name
		ADDED from AndroidManifest.xml:148:25
action#cn.jpush.android.intent.CONNECTION
ADDED from AndroidManifest.xml:149:17
	android:name
		ADDED from AndroidManifest.xml:149:25
meta-data#JPUSH_CHANNEL
ADDED from AndroidManifest.xml:156:9
	android:name
		ADDED from AndroidManifest.xml:156:20
	android:value
		ADDED from AndroidManifest.xml:156:49
meta-data#JPUSH_APPKEY
ADDED from AndroidManifest.xml:157:9
	android:name
		ADDED from AndroidManifest.xml:157:20
	android:value
		ADDED from AndroidManifest.xml:157:48